<?xml version="1.0" encoding="UTF-8" ?>
<testsuite errors="0" failures="0" hostname="YIL-Jhih-Chen" name="com.tutk.kalay.vsaas.ForgotPassword_Junit" skipped="0" tests="3" time="84.386" timestamp="2017-06-02T05:08:57">
  <properties>
[...]
</properties>
  <testcase classname="com.tutk.kalay.vsaas.ForgotPassword_Junit" name="EmailBlank" time="11.448" />
  <testcase classname="com.tutk.kalay.vsaas.ForgotPassword_Junit" name="ForgotPwd" time="29.409" />
  <testcase classname="com.tutk.kalay.vsaas.ForgotPassword_Junit" name="InvalidEmail" time="18.116" />
  <system-out><![CDATA[測試設備(UDID/Android Version)
410054eac81a91c1/6.0.1
[Fri Jun 02 13:08:58 CST 2017] [driver] Starting test: 'Untitled'
[Fri Jun 02 13:08:58 CST 2017] [driver] {appPackage=com.tutk.kalayvsaas, dontGoHomeOnQuit=false, noReset=false, dontStopAppOnReset=false, instrumentApp=false, reservationDuration=240, fullReset=false, appActivity=com.tutk.kalayvsaas.SplashScreenActivity, waitForDeviceTimeout=60000, useRemoteGrid=false, [enableclientlog, enableclientlogger]=false, autoWebview=false, udid=410054eac81a91c1, platformName=Android}
[Fri Jun 02 13:08:58 CST 2017] [driver] context: NATIVE_APP
[Fri Jun 02 13:08:58 CST 2017] [driver] application under test: 
[Fri Jun 02 13:08:58 CST 2017] [driver] app path: null
[Fri Jun 02 13:08:58 CST 2017] [driver] full reset: false
[Fri Jun 02 13:08:58 CST 2017] [driver] instrument: false
[Fri Jun 02 13:08:58 CST 2017] [driver] no reset: false
[Fri Jun 02 13:08:58 CST 2017] [driver] package name: com.tutk.kalayvsaas
[Fri Jun 02 13:08:58 CST 2017] [driver] activity name: com.tutk.kalayvsaas.SplashScreenActivity
[Fri Jun 02 13:08:58 CST 2017] [driver] stop on reset: true
[Fri Jun 02 13:08:58 CST 2017] [driver] browser: false
[Fri Jun 02 13:08:59 CST 2017] [driver] connecting localhost:8889
[Fri Jun 02 13:08:59 CST 2017] [driver] Call of getSessionID returned: 97e3
[Fri Jun 02 13:08:59 CST 2017] [driver] wait for device '@serialnumber='410054eac81a91c1'' timeout-ms='60000'
[Fri Jun 02 13:08:59 CST 2017] [driver] Device 'adb:SM-N910U' ready
[Fri Jun 02 13:08:59 CST 2017] [driver] launching com.tutk.kalayvsaas/com.tutk.kalayvsaas.SplashScreenActivity ...
[Fri Jun 02 13:09:07 CST 2017] [driver] Call of launchApp returned: native
[Fri Jun 02 13:09:07 CST 2017] [97e3] [driver] [start] findElement(By.xpath: //*[@contentDescription='忘記密碼?'])
[Fri Jun 02 13:09:07 CST 2017] [97e3] [driver] [start] findElementByXPath("//*[@contentDescription='忘記密碼?']")
[Fri Jun 02 13:09:13 CST 2017] [97e3] [driver] [end] findElementByXPath
[Fri Jun 02 13:09:13 CST 2017] [97e3] [driver] [end] findElement
[Fri Jun 02 13:09:13 CST 2017] [97e3] [element] [start] click()
[Fri Jun 02 13:09:13 CST 2017] [97e3] [element] [end] click
[Fri Jun 02 13:09:13 CST 2017] [97e3] [driver] [start] hideKeyboard()
[Fri Jun 02 13:09:14 CST 2017] [97e3] [driver] [end] hideKeyboard
[Fri Jun 02 13:09:14 CST 2017] [97e3] [driver] [start] findElement(By.xpath: //*[@id='submit'])
[Fri Jun 02 13:09:14 CST 2017] [97e3] [driver] [start] findElementByXPath("//*[@id='submit']")
[Fri Jun 02 13:09:15 CST 2017] [97e3] [driver] [end] findElementByXPath
[Fri Jun 02 13:09:15 CST 2017] [97e3] [driver] [end] findElement
[Fri Jun 02 13:09:15 CST 2017] [97e3] [element] [start] click()
[Fri Jun 02 13:09:15 CST 2017] [97e3] [element] [end] click
[Fri Jun 02 13:09:15 CST 2017] [97e3] [driver] [start] findElement(By.xpath: //*[@content-desc='請輸入您的信箱'])
[Fri Jun 02 13:09:15 CST 2017] [97e3] [driver] [start] findElementByXPath("//*[@content-desc='請輸入您的信箱']")
[Fri Jun 02 13:09:16 CST 2017] [97e3] [driver] [end] findElementByXPath
[Fri Jun 02 13:09:16 CST 2017] [97e3] [driver] [end] findElement
[Fri Jun 02 13:09:16 CST 2017] [97e3] [element] [start] getAttribute("content-desc")
[Fri Jun 02 13:09:16 CST 2017] [97e3] [element] [end] getAttribute
[Fri Jun 02 13:09:16 CST 2017] [97e3] [driver] [start] quit()
[Fri Jun 02 13:09:18 CST 2017] [driver] Call of close returned: null
[Fri Jun 02 13:09:18 CST 2017] [97e3] [driver] [end] quit
測試設備(UDID/Android Version)
410054eac81a91c1/6.0.1
[Fri Jun 02 13:09:18 CST 2017] [driver] Starting test: 'Untitled'
[Fri Jun 02 13:09:18 CST 2017] [driver] {appPackage=com.tutk.kalayvsaas, dontGoHomeOnQuit=false, noReset=false, dontStopAppOnReset=false, instrumentApp=false, reservationDuration=240, fullReset=false, appActivity=com.tutk.kalayvsaas.SplashScreenActivity, waitForDeviceTimeout=60000, useRemoteGrid=false, [enableclientlog, enableclientlogger]=false, autoWebview=false, udid=410054eac81a91c1, platformName=Android}
[Fri Jun 02 13:09:18 CST 2017] [driver] context: NATIVE_APP
[Fri Jun 02 13:09:18 CST 2017] [driver] application under test: 
[Fri Jun 02 13:09:18 CST 2017] [driver] app path: null
[Fri Jun 02 13:09:18 CST 2017] [driver] full reset: false
[Fri Jun 02 13:09:18 CST 2017] [driver] instrument: false
[Fri Jun 02 13:09:18 CST 2017] [driver] no reset: false
[Fri Jun 02 13:09:18 CST 2017] [driver] package name: com.tutk.kalayvsaas
[Fri Jun 02 13:09:18 CST 2017] [driver] activity name: com.tutk.kalayvsaas.SplashScreenActivity
[Fri Jun 02 13:09:18 CST 2017] [driver] stop on reset: true
[Fri Jun 02 13:09:18 CST 2017] [driver] browser: false
[Fri Jun 02 13:09:18 CST 2017] [driver] connecting localhost:8889
[Fri Jun 02 13:09:18 CST 2017] [driver] Call of getSessionID returned: df39
[Fri Jun 02 13:09:18 CST 2017] [driver] wait for device '@serialnumber='410054eac81a91c1'' timeout-ms='60000'
[Fri Jun 02 13:09:18 CST 2017] [driver] Device 'adb:SM-N910U' ready
[Fri Jun 02 13:09:19 CST 2017] [driver] launching com.tutk.kalayvsaas/com.tutk.kalayvsaas.SplashScreenActivity ...
[Fri Jun 02 13:09:26 CST 2017] [driver] Call of launchApp returned: native
[Fri Jun 02 13:09:26 CST 2017] [df39] [driver] [start] findElement(By.xpath: //*[@contentDescription='忘記密碼?'])
[Fri Jun 02 13:09:26 CST 2017] [df39] [driver] [start] findElementByXPath("//*[@contentDescription='忘記密碼?']")
[Fri Jun 02 13:09:31 CST 2017] [df39] [driver] [end] findElementByXPath
[Fri Jun 02 13:09:31 CST 2017] [df39] [driver] [end] findElement
[Fri Jun 02 13:09:31 CST 2017] [df39] [element] [start] click()
[Fri Jun 02 13:09:31 CST 2017] [df39] [element] [end] click
[Fri Jun 02 13:09:31 CST 2017] [df39] [driver] [start] findElement(By.xpath: //*[@id='id_email'])
[Fri Jun 02 13:09:31 CST 2017] [df39] [driver] [start] findElementByXPath("//*[@id='id_email']")
[Fri Jun 02 13:09:31 CST 2017] [df39] [driver] [end] findElementByXPath
[Fri Jun 02 13:09:31 CST 2017] [df39] [driver] [end] findElement
[Fri Jun 02 13:09:31 CST 2017] [df39] [element] [start] sendKeys("jhih_chen@sina.com")
[Fri Jun 02 13:09:39 CST 2017] [df39] [element] [end] sendKeys
[Fri Jun 02 13:09:39 CST 2017] [df39] [driver] [start] hideKeyboard()
[Fri Jun 02 13:09:41 CST 2017] [df39] [driver] [end] hideKeyboard
[Fri Jun 02 13:09:41 CST 2017] [df39] [driver] [start] findElement(By.xpath: //*[@id='submit'])
[Fri Jun 02 13:09:41 CST 2017] [df39] [driver] [start] findElementByXPath("//*[@id='submit']")
[Fri Jun 02 13:09:41 CST 2017] [df39] [driver] [end] findElementByXPath
[Fri Jun 02 13:09:41 CST 2017] [df39] [driver] [end] findElement
[Fri Jun 02 13:09:41 CST 2017] [df39] [element] [start] click()
[Fri Jun 02 13:09:41 CST 2017] [df39] [element] [end] click
[Fri Jun 02 13:09:41 CST 2017] [df39] [driver] [start] findElement(By.xpath: //*[@content-desc='確認'])
[Fri Jun 02 13:09:41 CST 2017] [df39] [driver] [start] findElementByXPath("//*[@content-desc='確認']")
[Fri Jun 02 13:09:52 CST 2017] [df39] [driver] [end] findElementByXPath
[Fri Jun 02 13:09:52 CST 2017] [df39] [driver] [end] findElement
[Fri Jun 02 13:09:52 CST 2017] [df39] [driver] [start] findElement(By.xpath: //*[@content-desc='確認'])
[Fri Jun 02 13:09:52 CST 2017] [df39] [driver] [start] findElementByXPath("//*[@content-desc='確認']")
[Fri Jun 02 13:09:53 CST 2017] [df39] [driver] [end] findElementByXPath
[Fri Jun 02 13:09:53 CST 2017] [df39] [driver] [end] findElement
[Fri Jun 02 13:09:53 CST 2017] [df39] [driver] [start] findElement(By.xpath: //*[@content-desc='確認'])
[Fri Jun 02 13:09:53 CST 2017] [df39] [driver] [start] findElementByXPath("//*[@content-desc='確認']")
[Fri Jun 02 13:09:53 CST 2017] [df39] [driver] [end] findElementByXPath
[Fri Jun 02 13:09:53 CST 2017] [df39] [driver] [end] findElement
[Fri Jun 02 13:09:53 CST 2017] [df39] [element] [start] isDisplayed()
[Fri Jun 02 13:09:53 CST 2017] [df39] [element] [end] isDisplayed
[Fri Jun 02 13:09:53 CST 2017] [df39] [element] [start] isEnabled()
[Fri Jun 02 13:09:53 CST 2017] [df39] [element] [end] isEnabled
[Fri Jun 02 13:09:53 CST 2017] [df39] [driver] [start] findElement(By.xpath: //*[@content-desc='確認'])
[Fri Jun 02 13:09:53 CST 2017] [df39] [driver] [start] findElementByXPath("//*[@content-desc='確認']")
[Fri Jun 02 13:09:54 CST 2017] [df39] [driver] [end] findElementByXPath
[Fri Jun 02 13:09:54 CST 2017] [df39] [driver] [end] findElement
[Fri Jun 02 13:09:54 CST 2017] [df39] [element] [start] getAttribute("content-desc")
[Fri Jun 02 13:09:54 CST 2017] [df39] [element] [end] getAttribute
[Fri Jun 02 13:09:54 CST 2017] [df39] [driver] [start] quit()
[Fri Jun 02 13:09:55 CST 2017] [driver] Call of close returned: null
[Fri Jun 02 13:09:55 CST 2017] [df39] [driver] [end] quit
測試設備(UDID/Android Version)
410054eac81a91c1/6.0.1
[Fri Jun 02 13:09:55 CST 2017] [driver] Starting test: 'Untitled'
[Fri Jun 02 13:09:55 CST 2017] [driver] {appPackage=com.tutk.kalayvsaas, dontGoHomeOnQuit=false, noReset=false, dontStopAppOnReset=false, instrumentApp=false, reservationDuration=240, fullReset=false, appActivity=com.tutk.kalayvsaas.SplashScreenActivity, waitForDeviceTimeout=60000, useRemoteGrid=false, [enableclientlog, enableclientlogger]=false, autoWebview=false, udid=410054eac81a91c1, platformName=Android}
[Fri Jun 02 13:09:55 CST 2017] [driver] context: NATIVE_APP
[Fri Jun 02 13:09:55 CST 2017] [driver] application under test: 
[Fri Jun 02 13:09:55 CST 2017] [driver] app path: null
[Fri Jun 02 13:09:55 CST 2017] [driver] full reset: false
[Fri Jun 02 13:09:55 CST 2017] [driver] instrument: false
[Fri Jun 02 13:09:55 CST 2017] [driver] no reset: false
[Fri Jun 02 13:09:55 CST 2017] [driver] package name: com.tutk.kalayvsaas
[Fri Jun 02 13:09:55 CST 2017] [driver] activity name: com.tutk.kalayvsaas.SplashScreenActivity
[Fri Jun 02 13:09:55 CST 2017] [driver] stop on reset: true
[Fri Jun 02 13:09:55 CST 2017] [driver] browser: false
[Fri Jun 02 13:09:55 CST 2017] [driver] connecting localhost:8889
[Fri Jun 02 13:09:55 CST 2017] [driver] Call of getSessionID returned: 5c06
[Fri Jun 02 13:09:56 CST 2017] [driver] wait for device '@serialnumber='410054eac81a91c1'' timeout-ms='60000'
[Fri Jun 02 13:09:56 CST 2017] [driver] Device 'adb:SM-N910U' ready
[Fri Jun 02 13:09:56 CST 2017] [driver] launching com.tutk.kalayvsaas/com.tutk.kalayvsaas.SplashScreenActivity ...
[Fri Jun 02 13:10:03 CST 2017] [driver] Call of launchApp returned: native
[Fri Jun 02 13:10:03 CST 2017] [5c06] [driver] [start] findElement(By.xpath: //*[@contentDescription='忘記密碼?'])
[Fri Jun 02 13:10:03 CST 2017] [5c06] [driver] [start] findElementByXPath("//*[@contentDescription='忘記密碼?']")
[Fri Jun 02 13:10:08 CST 2017] [5c06] [driver] [end] findElementByXPath
[Fri Jun 02 13:10:08 CST 2017] [5c06] [driver] [end] findElement
[Fri Jun 02 13:10:08 CST 2017] [5c06] [element] [start] click()
[Fri Jun 02 13:10:08 CST 2017] [5c06] [element] [end] click
[Fri Jun 02 13:10:08 CST 2017] [5c06] [driver] [start] findElement(By.xpath: //*[@id='id_email'])
[Fri Jun 02 13:10:08 CST 2017] [5c06] [driver] [start] findElementByXPath("//*[@id='id_email']")
[Fri Jun 02 13:10:09 CST 2017] [5c06] [driver] [end] findElementByXPath
[Fri Jun 02 13:10:09 CST 2017] [5c06] [driver] [end] findElement
[Fri Jun 02 13:10:09 CST 2017] [5c06] [element] [start] sendKeys("qoojhih123@gmail.com")
[Fri Jun 02 13:10:16 CST 2017] [5c06] [element] [end] sendKeys
[Fri Jun 02 13:10:16 CST 2017] [5c06] [driver] [start] hideKeyboard()
[Fri Jun 02 13:10:18 CST 2017] [5c06] [driver] [end] hideKeyboard
[Fri Jun 02 13:10:18 CST 2017] [5c06] [driver] [start] findElement(By.xpath: //*[@id='submit'])
[Fri Jun 02 13:10:18 CST 2017] [5c06] [driver] [start] findElementByXPath("//*[@id='submit']")
[Fri Jun 02 13:10:18 CST 2017] [5c06] [driver] [end] findElementByXPath
[Fri Jun 02 13:10:18 CST 2017] [5c06] [driver] [end] findElement
[Fri Jun 02 13:10:18 CST 2017] [5c06] [element] [start] click()
[Fri Jun 02 13:10:18 CST 2017] [5c06] [element] [end] click
[Fri Jun 02 13:10:18 CST 2017] [5c06] [driver] [start] findElement(By.xpath: //*[@content-desc='電子郵件錯誤'])
[Fri Jun 02 13:10:18 CST 2017] [5c06] [driver] [start] findElementByXPath("//*[@content-desc='電子郵件錯誤']")
[Fri Jun 02 13:10:20 CST 2017] [5c06] [driver] [end] findElementByXPath
[Fri Jun 02 13:10:20 CST 2017] [5c06] [driver] [end] findElement
[Fri Jun 02 13:10:20 CST 2017] [5c06] [element] [start] getAttribute("content-desc")
[Fri Jun 02 13:10:20 CST 2017] [5c06] [element] [end] getAttribute
[Fri Jun 02 13:10:20 CST 2017] [5c06] [driver] [start] quit()
[Fri Jun 02 13:10:21 CST 2017] [driver] Call of close returned: null
[Fri Jun 02 13:10:21 CST 2017] [5c06] [driver] [end] quit
]]></system-out>
  <system-err><![CDATA[]]></system-err>
</testsuite>
