<?xml version="1.0" encoding="UTF-8" ?>
<testsuite errors="2" failures="0" hostname="YIL-Jhih-Chen" name="com.tutk.kalay.doorphone.ForgotPassword_Junit" skipped="0" tests="2" time="70.143" timestamp="2017-04-11T06:28:09">
  <properties>
[...]
</properties>
  <testcase classname="com.tutk.kalay.doorphone.ForgotPassword_Junit" name="EmailBlank" time="22.733">
    <error message="org.openqa.selenium.NoSuchElementException: An element could not be located on the page using the given search parameters&#xa;For documentation on this error, please visit: http://seleniumhq.org/exceptions/no_such_element.html&#xa;Build info: version: &apos;2.53.1&apos;, revision: &apos;a36b8b1cd5757287168e54b817830adce9b0158d&apos;, time: &apos;2016-06-30 19:26:09&apos;&#xa;System info: host: &apos;YIL-Jhih-Chen&apos;, ip: &apos;192.168.11.4&apos;, os.name: &apos;Windows 10&apos;, os.arch: &apos;amd64&apos;, os.version: &apos;10.0&apos;, java.version: &apos;1.8.0_111&apos;&#xa;Driver info: driver.version: SeeTestAndroidDriver" type="org.openqa.selenium.NoSuchElementException">org.openqa.selenium.NoSuchElementException: org.openqa.selenium.NoSuchElementException: An element could not be located on the page using the given search parameters
For documentation on this error, please visit: http://seleniumhq.org/exceptions/no_such_element.html
Build info: version: &apos;2.53.1&apos;, revision: &apos;a36b8b1cd5757287168e54b817830adce9b0158d&apos;, time: &apos;2016-06-30 19:26:09&apos;
System info: host: &apos;YIL-Jhih-Chen&apos;, ip: &apos;192.168.11.4&apos;, os.name: &apos;Windows 10&apos;, os.arch: &apos;amd64&apos;, os.version: &apos;10.0&apos;, java.version: &apos;1.8.0_111&apos;
Driver info: driver.version: SeeTestAndroidDriver
	at com.experitest.appium.STExceptions.throwNoSuchElementException(STExceptions.java:8)
	at com.experitest.appium.SeeTestAndroidElement.findElementBy(SeeTestAndroidElement.java:36)
	at com.experitest.appium.SeeTestAndroidDriver.findElementBy(SeeTestAndroidDriver.java:82)
	at com.experitest.appium.SeeTestAndroidDriver.findElementByXPath(SeeTestAndroidDriver.java:582)
	at org.openqa.selenium.By$ByXPath.findElement(By.java:361)
	at org.openqa.selenium.remote.RemoteWebDriver.findElement(RemoteWebDriver.java:355)
	at io.appium.java_client.DefaultGenericMobileDriver.findElement(DefaultGenericMobileDriver.java:52)
	at io.appium.java_client.AppiumDriver.findElement(AppiumDriver.java:1)
	at io.appium.java_client.android.AndroidDriver.findElement(AndroidDriver.java:1)
	at com.experitest.appium.SeeTestAndroidDriver.findElement(SeeTestAndroidDriver.java:804)
	at com.tutk.kalay.doorphone.ForgotPassword_TestCase.EmailBlank(ForgotPassword_TestCase.java:15)
	at com.tutk.kalay.doorphone.ForgotPassword_Junit.EmailBlank(ForgotPassword_Junit.java:12)
</error>
  </testcase>
  <testcase classname="com.tutk.kalay.doorphone.ForgotPassword_Junit" name="InvalidEmail" time="20.962">
    <error message="org.openqa.selenium.NoSuchElementException: An element could not be located on the page using the given search parameters&#xa;For documentation on this error, please visit: http://seleniumhq.org/exceptions/no_such_element.html&#xa;Build info: version: &apos;2.53.1&apos;, revision: &apos;a36b8b1cd5757287168e54b817830adce9b0158d&apos;, time: &apos;2016-06-30 19:26:09&apos;&#xa;System info: host: &apos;YIL-Jhih-Chen&apos;, ip: &apos;192.168.11.4&apos;, os.name: &apos;Windows 10&apos;, os.arch: &apos;amd64&apos;, os.version: &apos;10.0&apos;, java.version: &apos;1.8.0_111&apos;&#xa;Driver info: driver.version: SeeTestAndroidDriver" type="org.openqa.selenium.NoSuchElementException">org.openqa.selenium.NoSuchElementException: org.openqa.selenium.NoSuchElementException: An element could not be located on the page using the given search parameters
For documentation on this error, please visit: http://seleniumhq.org/exceptions/no_such_element.html
Build info: version: &apos;2.53.1&apos;, revision: &apos;a36b8b1cd5757287168e54b817830adce9b0158d&apos;, time: &apos;2016-06-30 19:26:09&apos;
System info: host: &apos;YIL-Jhih-Chen&apos;, ip: &apos;192.168.11.4&apos;, os.name: &apos;Windows 10&apos;, os.arch: &apos;amd64&apos;, os.version: &apos;10.0&apos;, java.version: &apos;1.8.0_111&apos;
Driver info: driver.version: SeeTestAndroidDriver
	at com.experitest.appium.STExceptions.throwNoSuchElementException(STExceptions.java:8)
	at com.experitest.appium.SeeTestAndroidElement.findElementBy(SeeTestAndroidElement.java:36)
	at com.experitest.appium.SeeTestAndroidDriver.findElementBy(SeeTestAndroidDriver.java:82)
	at com.experitest.appium.SeeTestAndroidDriver.findElementByXPath(SeeTestAndroidDriver.java:582)
	at org.openqa.selenium.By$ByXPath.findElement(By.java:361)
	at org.openqa.selenium.remote.RemoteWebDriver.findElement(RemoteWebDriver.java:355)
	at io.appium.java_client.DefaultGenericMobileDriver.findElement(DefaultGenericMobileDriver.java:52)
	at io.appium.java_client.AppiumDriver.findElement(AppiumDriver.java:1)
	at io.appium.java_client.android.AndroidDriver.findElement(AndroidDriver.java:1)
	at com.experitest.appium.SeeTestAndroidDriver.findElement(SeeTestAndroidDriver.java:804)
	at com.tutk.kalay.doorphone.ForgotPassword_TestCase.InvalidEmail(ForgotPassword_TestCase.java:30)
	at com.tutk.kalay.doorphone.ForgotPassword_Junit.InvalidEmail(ForgotPassword_Junit.java:16)
</error>
  </testcase>
  <system-out><![CDATA[測試設備(UDID/Android Version)
FA36NW913465/5.0.1
[Tue Apr 11 14:28:09 CST 2017] [driver] Starting test: 'Untitled'
[Tue Apr 11 14:28:09 CST 2017] [driver] {appPackage=com.tutk.kalay.doorphone, noReset=false, dontStopAppOnReset=false, instrumentApp=false, reservationDuration=240, fullReset=false, appActivity=com.tutk.P2PCam264.SplashScreenActivity, waitForDeviceTimeout=60000, useRemoteGrid=false, [enableclientlog, enableclientlogger]=false, autoWebview=false, udid=FA36NW913465, platformName=Android}
[Tue Apr 11 14:28:09 CST 2017] [driver] context: NATIVE_APP
[Tue Apr 11 14:28:09 CST 2017] [driver] application under test: 
[Tue Apr 11 14:28:09 CST 2017] [driver] app path: null
[Tue Apr 11 14:28:09 CST 2017] [driver] full reset: false
[Tue Apr 11 14:28:09 CST 2017] [driver] instrument: false
[Tue Apr 11 14:28:09 CST 2017] [driver] no reset: false
[Tue Apr 11 14:28:09 CST 2017] [driver] package name: com.tutk.kalay.doorphone
[Tue Apr 11 14:28:09 CST 2017] [driver] activity name: com.tutk.P2PCam264.SplashScreenActivity
[Tue Apr 11 14:28:09 CST 2017] [driver] stop on reset: true
[Tue Apr 11 14:28:09 CST 2017] [driver] browser: false
[Tue Apr 11 14:28:09 CST 2017] [driver] connecting localhost:8889
[Tue Apr 11 14:28:09 CST 2017] [driver] Call of getSessionID returned: 755c
[Tue Apr 11 14:28:10 CST 2017] [driver] wait for device '@serialnumber='FA36NW913465'' timeout-ms='60000'
[Tue Apr 11 14:28:10 CST 2017] [driver] Device 'adb:HTC One 801e' ready
[Tue Apr 11 14:28:10 CST 2017] [driver] launching com.tutk.kalay.doorphone/com.tutk.P2PCam264.SplashScreenActivity ...
[Tue Apr 11 14:28:16 CST 2017] [driver] Call of launchApp returned: native
[Tue Apr 11 14:28:16 CST 2017] [755c] [driver] [start] findElement(By.xpath: //*[@id='id_email'])
[Tue Apr 11 14:28:16 CST 2017] [755c] [driver] [start] findElementByXPath("//*[@id='id_email']")
[Tue Apr 11 14:28:21 CST 2017] [755c] [driver] [end] findElementByXPath
[Tue Apr 11 14:28:21 CST 2017] [755c] [driver] [end] findElement
[Tue Apr 11 14:28:21 CST 2017] [755c] [element] [start] sendKeys("a")
[Tue Apr 11 14:28:28 CST 2017] [755c] [element] [end] sendKeys
[Tue Apr 11 14:28:28 CST 2017] [755c] [driver] [start] hideKeyboard()
[Tue Apr 11 14:28:29 CST 2017] [755c] [driver] [end] hideKeyboard
[Tue Apr 11 14:28:29 CST 2017] [755c] [driver] [start] findElement(By.xpath: //*[@contentDescription='Forgot Password?'])
[Tue Apr 11 14:28:29 CST 2017] [755c] [driver] [start] findElementByXPath("//*[@contentDescription='Forgot Password?']")
[Tue Apr 11 14:28:39 CST 2017] [755c] [driver] [end] findElementByXPath
[Tue Apr 11 14:28:39 CST 2017] [755c] [driver] [end] findElement
測試設備(UDID/Android Version)
FA36NW913465/5.0.1
[Tue Apr 11 14:28:39 CST 2017] [driver] Starting test: 'Untitled'
[Tue Apr 11 14:28:39 CST 2017] [driver] {appPackage=com.tutk.kalay.doorphone, noReset=false, dontStopAppOnReset=false, instrumentApp=false, reservationDuration=240, fullReset=false, appActivity=com.tutk.P2PCam264.SplashScreenActivity, waitForDeviceTimeout=60000, useRemoteGrid=false, [enableclientlog, enableclientlogger]=false, autoWebview=false, udid=FA36NW913465, platformName=Android}
[Tue Apr 11 14:28:39 CST 2017] [driver] context: NATIVE_APP
[Tue Apr 11 14:28:39 CST 2017] [driver] application under test: 
[Tue Apr 11 14:28:39 CST 2017] [driver] app path: null
[Tue Apr 11 14:28:39 CST 2017] [driver] full reset: false
[Tue Apr 11 14:28:39 CST 2017] [driver] instrument: false
[Tue Apr 11 14:28:39 CST 2017] [driver] no reset: false
[Tue Apr 11 14:28:39 CST 2017] [driver] package name: com.tutk.kalay.doorphone
[Tue Apr 11 14:28:39 CST 2017] [driver] activity name: com.tutk.P2PCam264.SplashScreenActivity
[Tue Apr 11 14:28:39 CST 2017] [driver] stop on reset: true
[Tue Apr 11 14:28:39 CST 2017] [driver] browser: false
[Tue Apr 11 14:28:39 CST 2017] [driver] connecting localhost:8889
[Tue Apr 11 14:28:39 CST 2017] [driver] Call of getSessionID returned: d9cf
[Tue Apr 11 14:28:39 CST 2017] [driver] wait for device '@serialnumber='FA36NW913465'' timeout-ms='60000'
[Tue Apr 11 14:28:51 CST 2017] [driver] Device 'adb:HTC One 801e' ready
[Tue Apr 11 14:28:51 CST 2017] [driver] launching com.tutk.kalay.doorphone/com.tutk.P2PCam264.SplashScreenActivity ...
[Tue Apr 11 14:28:57 CST 2017] [driver] Call of launchApp returned: native
[Tue Apr 11 14:28:57 CST 2017] [d9cf] [driver] [start] findElement(By.xpath: //*[@id='id_email'])
[Tue Apr 11 14:28:57 CST 2017] [d9cf] [driver] [start] findElementByXPath("//*[@id='id_email']")
[Tue Apr 11 14:29:01 CST 2017] [d9cf] [driver] [end] findElementByXPath
[Tue Apr 11 14:29:01 CST 2017] [d9cf] [driver] [end] findElement
[Tue Apr 11 14:29:01 CST 2017] [d9cf] [element] [start] sendKeys("a")
[Tue Apr 11 14:29:07 CST 2017] [d9cf] [element] [end] sendKeys
[Tue Apr 11 14:29:07 CST 2017] [d9cf] [driver] [start] hideKeyboard()
[Tue Apr 11 14:29:08 CST 2017] [d9cf] [driver] [end] hideKeyboard
[Tue Apr 11 14:29:08 CST 2017] [d9cf] [driver] [start] findElement(By.xpath: //*[@contentDescription='Forgot Password?'])
[Tue Apr 11 14:29:08 CST 2017] [d9cf] [driver] [start] findElementByXPath("//*[@contentDescription='Forgot Password?']")
[Tue Apr 11 14:29:18 CST 2017] [d9cf] [driver] [end] findElementByXPath
[Tue Apr 11 14:29:18 CST 2017] [d9cf] [driver] [end] findElement
]]></system-out>
  <system-err><![CDATA[]]></system-err>
</testsuite>
